<?xml version="1.0" encoding="UTF-8"?>
<!-- Generated by org.testng.reporters.JUnitXMLReporter -->
<testsuite ignored="0" hostname="DESKTOP-1B4INUD" failures="0" tests="13" name="End To End Flight Booking Test" time="81.003" errors="0" timestamp="2026-06-15T11:01:03 IST">
  <testcase classname="testcases.LoginTest" name="validateBrokenPortalGateways" time="8.851"/>
  <testcase classname="testcases.BlazeDemoTest" name="step2_searchFlights" time="4.304"/>
  <testcase classname="testcases.BlazeDemoTest" name="step2_searchFlights" time="2.741"/>
  <testcase classname="testcases.BlazeDemoTest" name="step2_searchFlights" time="8.089"/>
  <testcase classname="testcases.BlazeDemoTest" name="step3_validateAndSelectFlight" time="1.664"/>
  <testcase classname="testcases.BlazeDemoTest" name="step3_validateAndSelectFlight" time="1.484"/>
  <testcase classname="testcases.BlazeDemoTest" name="step3_validateAndSelectFlight" time="2.099"/>
  <testcase classname="testcases.BlazeDemoTest" name="step4_fillPassengerFormAndBook" time="4.756"/>
  <testcase classname="testcases.BlazeDemoTest" name="step4_fillPassengerFormAndBook" time="13.721"/>
  <testcase classname="testcases.BlazeDemoTest" name="step4_fillPassengerFormAndBook" time="12.373"/>
  <testcase classname="testcases.BlazeDemoTest" name="step5_validateConfirmationReceipt" time="0.306"/>
  <testcase classname="testcases.BlazeDemoTest" name="step5_validateConfirmationReceipt" time="0.232"/>
  <testcase classname="testcases.BlazeDemoTest" name="step5_validateConfirmationReceipt" time="0.21"/>
</testsuite> <!-- End To End Flight Booking Test -->
