<?xml version="1.0" encoding="UTF-8"?>
<!-- Generated by org.testng.reporters.JUnitXMLReporter -->
<testsuite ignored="0" hostname="DESKTOP-1B4INUD" failures="0" tests="5" name="End To End Flight Booking Test" time="50.4" errors="0" timestamp="2026-06-08T16:25:54 IST">
  <testcase classname="testcases.BlazeDemoTest" name="step1_validateBrokenPortalGateways" time="12.972"/>
  <testcase classname="testcases.BlazeDemoTest" name="step2_searchFlights" time="1.335"/>
  <testcase classname="testcases.BlazeDemoTest" name="step3_validateAndSelectFlight" time="0.78"/>
  <testcase classname="testcases.BlazeDemoTest" name="step4_fillPassengerFormAndBook" time="2.745"/>
  <testcase classname="testcases.BlazeDemoTest" name="step5_validateConfirmationReceipt" time="10.829"/>
</testsuite> <!-- End To End Flight Booking Test -->
