<?xml version="1.0" encoding="UTF-8"?>
<!-- Generated by org.testng.reporters.JUnitReportReporter -->
<testsuite hostname="DESKTOP-1B4INUD" failures="0" tests="4" name="testcases.BlazeDemoTest" time="19.244" errors="0" timestamp="2026-06-11T13:04:24 IST" skipped="0">
  <testcase classname="testcases.BlazeDemoTest" name="step2_searchFlights" time="3.874"/>
  <testcase classname="testcases.BlazeDemoTest" name="step3_validateAndSelectFlight" time="1.262"/>
  <testcase classname="testcases.BlazeDemoTest" name="step4_fillPassengerFormAndBook" time="2.200"/>
  <testcase classname="testcases.BlazeDemoTest" name="step5_validateConfirmationReceipt" time="11.908"/>
</testsuite> <!-- testcases.BlazeDemoTest -->
