<?xml version="1.0" encoding="UTF-8"?>
<!-- Generated by org.testng.reporters.JUnitReportReporter -->
<testsuite hostname="DESKTOP-1B4INUD" failures="0" tests="4" name="testcases.BlazeDemoTest" time="33.822" errors="0" timestamp="2026-06-13T16:07:44 IST" skipped="0">
  <testcase classname="testcases.BlazeDemoTest" name="step2_searchFlights" time="2.254"/>
  <testcase classname="testcases.BlazeDemoTest" name="step3_validateAndSelectFlight" time="0.667"/>
  <testcase classname="testcases.BlazeDemoTest" name="step4_fillPassengerFormAndBook" time="1.821"/>
  <testcase classname="testcases.BlazeDemoTest" name="step5_validateConfirmationReceipt" time="29.080"/>
</testsuite> <!-- testcases.BlazeDemoTest -->
